C51 COMPILER V9.57.0.0   MAIN                                                              09/10/2025 21:49:09 PAGE 1   


C51 COMPILER V9.57.0.0, COMPILATION OF MODULE MAIN
OBJECT MODULE PLACED IN .\Objects\main.obj
COMPILER INVOKED BY: E:\Keil5\Keil5-Stm32\C51\BIN\C51.EXE main.c OPTIMIZE(8,SPEED) BROWSE DEBUG OBJECTEXTEND PRINT(.\Lis
                    -tings\main.lst) OBJECT(.\Objects\main.obj)

line level    source

   1          #include <REGX52.H>
   2          #include<INTRINS.h>
   3          
   4          void Delay(unsigned int xms)            //@11.0592MHz
   5          {
   6   1              while(xms)
   7   1              {
   8   2                      unsigned char i, j;
   9   2      
  10   2                      _nop_();
  11   2                      _nop_();
  12   2                      _nop_();
  13   2                      i = 11;
  14   2                      j = 190;
  15   2                      do
  16   2                      {
  17   3                              while (--j);
  18   3                      } while (--i);
  19   2                      xms--;
  20   2              }
  21   1      }
  22          
  23          void main()
  24          {
  25   1              unsigned char LEDnum=0;
  26   1              while(1)
  27   1              {
  28   2                      if(P3_1==0)
  29   2                      {
  30   3                              Delay(20);
  31   3                              while(P3_1==0);
  32   3                              Delay(20);
  33   3                              LEDnum++;
  34   3                              P2=~LEDnum;
  35   3                      }
  36   2              }
  37   1      }


MODULE INFORMATION:   STATIC OVERLAYABLE
   CODE SIZE        =     56    ----
   CONSTANT SIZE    =   ----    ----
   XDATA SIZE       =   ----    ----
   PDATA SIZE       =   ----    ----
   DATA SIZE        =   ----       2
   IDATA SIZE       =   ----    ----
   BIT SIZE         =   ----    ----
END OF MODULE INFORMATION.


C51 COMPILATION COMPLETE.  0 WARNING(S),  0 ERROR(S)
