C51 COMPILER V9.57.0.0   MAIN                                                              09/10/2025 15:11:41 PAGE 1   


C51 COMPILER V9.57.0.0, COMPILATION OF MODULE MAIN
OBJECT MODULE PLACED IN .\Objects\main.obj
COMPILER INVOKED BY: E:\Keil5\Keil5-Stm32\C51\BIN\C51.EXE main.c OPTIMIZE(8,SPEED) BROWSE DEBUG OBJECTEXTEND PRINT(.\Lis
                    -tings\main.lst) TABS(2) OBJECT(.\Objects\main.obj)

line level    source

   1          #include <REGX52.H>
   2          #include<INTRINS.H>
   3          void Delay200ms();
   4          void main()
   5          {
   6   1        while(1)
   7   1        {
   8   2          P2=0xFE;  //1111 1110
   9   2          Delay200ms();
  10   2          P2=0xFF;  //1111 1111
  11   2          Delay200ms();
  12   2        }
  13   1      }
  14          
  15          //ÑÓÊ±º¯Êý200ms
  16          void Delay200ms()   //@12.000MHz
  17          {
  18   1        unsigned char i, j, k;
  19   1      
  20   1        _nop_();
  21   1        _nop_();
  22   1        i = 10;
  23   1        j = 31;
  24   1        k = 147;
  25   1        do
  26   1        {
  27   2          do
  28   2          {
  29   3            while (--k);
  30   3          } while (--j);
  31   2        } while (--i);
  32   1      }
  33          


MODULE INFORMATION:   STATIC OVERLAYABLE
   CODE SIZE        =     29    ----
   CONSTANT SIZE    =   ----    ----
   XDATA SIZE       =   ----    ----
   PDATA SIZE       =   ----    ----
   DATA SIZE        =   ----    ----
   IDATA SIZE       =   ----    ----
   BIT SIZE         =   ----    ----
END OF MODULE INFORMATION.


C51 COMPILATION COMPLETE.  0 WARNING(S),  0 ERROR(S)
