C51 COMPILER V9.57.0.0   MAIN                                                              09/10/2025 22:10:44 PAGE 1   


C51 COMPILER V9.57.0.0, COMPILATION OF MODULE MAIN
OBJECT MODULE PLACED IN .\Objects\main.obj
COMPILER INVOKED BY: E:\Keil5\Keil5-Stm32\C51\BIN\C51.EXE main.c OPTIMIZE(8,SPEED) BROWSE DEBUG OBJECTEXTEND PRINT(.\Lis
                    -tings\main.lst) OBJECT(.\Objects\main.obj)

line level    source

   1          #include <REGX52.H>
   2          #include<INTRINS.h>
   3          
   4          void Delay(unsigned int xms)            //@11.0592MHz
   5          {
   6   1              while(xms)
   7   1              {
   8   2                      unsigned char i, j;
   9   2      
  10   2                      _nop_();
  11   2                      _nop_();
  12   2                      _nop_();
  13   2                      i = 11;
  14   2                      j = 190;
  15   2                      do
  16   2                      {
  17   3                              while (--j);
  18   3                      } while (--i);
  19   2                      xms--;
  20   2              }
  21   1      }
  22          
  23          void main()
  24          {
  25   1              unsigned char Lednum=0;
  26   1              P2=0xFE;
  27   1              while(1)
  28   1              {
  29   2                      if(P3_1==0)
  30   2                      {
  31   3                              Delay(20);
  32   3                              while(P3_1==0);
  33   3                              Delay(20);
  34   3                              Lednum++;
  35   3                              if(Lednum>7)
  36   3                                      Lednum=0;
  37   3                              P2=~(0x01<<Lednum);
  38   3                      }
  39   2                      
  40   2                      if(P3_0==0)
  41   2                      {
  42   3                              Delay(20);
  43   3                              while(P3_0==0);
  44   3                              Delay(20);
  45   3                              if(Lednum==0)   
  46   3                                      Lednum=7;
  47   3                              else                    
  48   3                                      Lednum--;
  49   3                              P2=~(0x01<<Lednum);
  50   3                      }
  51   2              }
  52   1      }


C51 COMPILER V9.57.0.0   MAIN                                                              09/10/2025 22:10:44 PAGE 2   

MODULE INFORMATION:   STATIC OVERLAYABLE
   CODE SIZE        =    107    ----
   CONSTANT SIZE    =   ----    ----
   XDATA SIZE       =   ----    ----
   PDATA SIZE       =   ----    ----
   DATA SIZE        =   ----       2
   IDATA SIZE       =   ----    ----
   BIT SIZE         =   ----    ----
END OF MODULE INFORMATION.


C51 COMPILATION COMPLETE.  0 WARNING(S),  0 ERROR(S)
